2021-01-26 23:01:35,096 server initialized
2021-01-26 23:01:35,098 Looking for locale `en_US` in provider `faker.providers.address`.
2021-01-26 23:01:35,099 Provider `faker.providers.address` has been localized to `en_US`.
2021-01-26 23:01:35,100 Looking for locale `en_US` in provider `faker.providers.automotive`.
2021-01-26 23:01:35,100 Provider `faker.providers.automotive` has been localized to `en_US`.
2021-01-26 23:01:35,101 Looking for locale `en_US` in provider `faker.providers.bank`.
2021-01-26 23:01:35,101 Specified locale `en_US` is not available for provider `faker.providers.bank`. Locale reset to `en_GB` for this provider.
2021-01-26 23:01:35,101 Looking for locale `en_US` in provider `faker.providers.barcode`.
2021-01-26 23:01:35,102 Provider `faker.providers.barcode` has been localized to `en_US`.
2021-01-26 23:01:35,103 Looking for locale `en_US` in provider `faker.providers.color`.
2021-01-26 23:01:35,103 Provider `faker.providers.color` has been localized to `en_US`.
2021-01-26 23:01:35,103 Looking for locale `en_US` in provider `faker.providers.company`.
2021-01-26 23:01:35,104 Provider `faker.providers.company` has been localized to `en_US`.
2021-01-26 23:01:35,104 Looking for locale `en_US` in provider `faker.providers.credit_card`.
2021-01-26 23:01:35,104 Provider `faker.providers.credit_card` has been localized to `en_US`.
2021-01-26 23:01:35,105 Looking for locale `en_US` in provider `faker.providers.currency`.
2021-01-26 23:01:35,105 Provider `faker.providers.currency` has been localized to `en_US`.
2021-01-26 23:01:35,105 Looking for locale `en_US` in provider `faker.providers.date_time`.
2021-01-26 23:01:35,106 Provider `faker.providers.date_time` has been localized to `en_US`.
2021-01-26 23:01:35,106 Provider `faker.providers.file` does not feature localization. Specified locale `en_US` is not utilized for this provider.
2021-01-26 23:01:35,106 Looking for locale `en_US` in provider `faker.providers.geo`.
2021-01-26 23:01:35,106 Provider `faker.providers.geo` has been localized to `en_US`.
2021-01-26 23:01:35,107 Looking for locale `en_US` in provider `faker.providers.internet`.
2021-01-26 23:01:35,107 Provider `faker.providers.internet` has been localized to `en_US`.
2021-01-26 23:01:35,108 Provider `faker.providers.isbn` does not feature localization. Specified locale `en_US` is not utilized for this provider.
2021-01-26 23:01:35,108 Looking for locale `en_US` in provider `faker.providers.job`.
2021-01-26 23:01:35,109 Provider `faker.providers.job` has been localized to `en_US`.
2021-01-26 23:01:35,109 Looking for locale `en_US` in provider `faker.providers.lorem`.
2021-01-26 23:01:35,109 Provider `faker.providers.lorem` has been localized to `en_US`.
2021-01-26 23:01:35,110 Looking for locale `en_US` in provider `faker.providers.misc`.
2021-01-26 23:01:35,110 Provider `faker.providers.misc` has been localized to `en_US`.
2021-01-26 23:01:35,110 Looking for locale `en_US` in provider `faker.providers.person`.
2021-01-26 23:01:35,111 Provider `faker.providers.person` has been localized to `en_US`.
2021-01-26 23:01:35,113 Looking for locale `en_US` in provider `faker.providers.phone_number`.
2021-01-26 23:01:35,114 Provider `faker.providers.phone_number` has been localized to `en_US`.
2021-01-26 23:01:35,114 Provider `faker.providers.profile` does not feature localization. Specified locale `en_US` is not utilized for this provider.
2021-01-26 23:01:35,114 Provider `faker.providers.python` does not feature localization. Specified locale `en_US` is not utilized for this provider.
2021-01-26 23:01:35,114 Looking for locale `en_US` in provider `faker.providers.ssn`.
2021-01-26 23:01:35,115 Provider `faker.providers.ssn` has been localized to `en_US`.
2021-01-26 23:01:35,116 Provider `faker.providers.user_agent` does not feature localization. Specified locale `en_US` is not utilized for this provider.
2021-01-26 23:01:35,118 client initialized
2021-01-26 23:01:35,119 Looking for locale `en_US` in provider `faker.providers.address`.
2021-01-26 23:01:35,119 Provider `faker.providers.address` has been localized to `en_US`.
2021-01-26 23:01:35,120 Looking for locale `en_US` in provider `faker.providers.automotive`.
2021-01-26 23:01:35,120 Provider `faker.providers.automotive` has been localized to `en_US`.
2021-01-26 23:01:35,120 Looking for locale `en_US` in provider `faker.providers.bank`.
2021-01-26 23:01:35,121 Specified locale `en_US` is not available for provider `faker.providers.bank`. Locale reset to `en_GB` for this provider.
2021-01-26 23:01:35,121 Looking for locale `en_US` in provider `faker.providers.barcode`.
2021-01-26 23:01:35,121 Provider `faker.providers.barcode` has been localized to `en_US`.
2021-01-26 23:01:35,121 Looking for locale `en_US` in provider `faker.providers.color`.
2021-01-26 23:01:35,122 Provider `faker.providers.color` has been localized to `en_US`.
2021-01-26 23:01:35,122 Looking for locale `en_US` in provider `faker.providers.company`.
2021-01-26 23:01:35,122 Provider `faker.providers.company` has been localized to `en_US`.
2021-01-26 23:01:35,123 Looking for locale `en_US` in provider `faker.providers.credit_card`.
2021-01-26 23:01:35,123 Provider `faker.providers.credit_card` has been localized to `en_US`.
2021-01-26 23:01:35,123 Looking for locale `en_US` in provider `faker.providers.currency`.
2021-01-26 23:01:35,123 Provider `faker.providers.currency` has been localized to `en_US`.
2021-01-26 23:01:35,124 Looking for locale `en_US` in provider `faker.providers.date_time`.
2021-01-26 23:01:35,124 Provider `faker.providers.date_time` has been localized to `en_US`.
2021-01-26 23:01:35,124 Provider `faker.providers.file` does not feature localization. Specified locale `en_US` is not utilized for this provider.
2021-01-26 23:01:35,125 Looking for locale `en_US` in provider `faker.providers.geo`.
2021-01-26 23:01:35,125 Provider `faker.providers.geo` has been localized to `en_US`.
2021-01-26 23:01:35,125 Looking for locale `en_US` in provider `faker.providers.internet`.
2021-01-26 23:01:35,126 Provider `faker.providers.internet` has been localized to `en_US`.
2021-01-26 23:01:35,126 Provider `faker.providers.isbn` does not feature localization. Specified locale `en_US` is not utilized for this provider.
2021-01-26 23:01:35,126 Looking for locale `en_US` in provider `faker.providers.job`.
2021-01-26 23:01:35,127 Provider `faker.providers.job` has been localized to `en_US`.
2021-01-26 23:01:35,127 Looking for locale `en_US` in provider `faker.providers.lorem`.
2021-01-26 23:01:35,127 Provider `faker.providers.lorem` has been localized to `en_US`.
2021-01-26 23:01:35,127 Looking for locale `en_US` in provider `faker.providers.misc`.
2021-01-26 23:01:35,128 Provider `faker.providers.misc` has been localized to `en_US`.
2021-01-26 23:01:35,128 Looking for locale `en_US` in provider `faker.providers.person`.
2021-01-26 23:01:35,129 Provider `faker.providers.person` has been localized to `en_US`.
2021-01-26 23:01:35,129 Looking for locale `en_US` in provider `faker.providers.phone_number`.
2021-01-26 23:01:35,130 Provider `faker.providers.phone_number` has been localized to `en_US`.
2021-01-26 23:01:35,130 Provider `faker.providers.profile` does not feature localization. Specified locale `en_US` is not utilized for this provider.
2021-01-26 23:01:35,130 Provider `faker.providers.python` does not feature localization. Specified locale `en_US` is not utilized for this provider.
2021-01-26 23:01:35,130 Looking for locale `en_US` in provider `faker.providers.ssn`.
2021-01-26 23:01:35,131 Provider `faker.providers.ssn` has been localized to `en_US`.
2021-01-26 23:01:35,131 Provider `faker.providers.user_agent` does not feature localization. Specified locale `en_US` is not utilized for this provider.
2021-01-26 23:01:35,135 registering trader for client: Susan King
2021-01-26 23:01:35,136 database initialized
2021-01-26 23:01:35,138 client added
2021-01-26 23:01:35,138 Composed([SQL('INSERT INTO credentials (id, passcode, cred_id) VALUES ('), Literal(14), SQL(', '), Literal('0Z6nQ4Lgc'), SQL(', '), Literal(630191876540), SQL(');')])
2021-01-26 23:01:35,139 database committed
2021-01-26 23:01:35,140 user registered with credentials username: Susan King, email: banderson@lopez.info, passcode: 0Z6nQ4Lgc
2021-01-26 23:01:35,141 Composed([SQL('SELECT (client_id) FROM clients WHERE client_email='), Literal('banderson@lopez.info'), SQL(' LIMIT 1 FOR UPDATE SKIP LOCKED;')])
2021-01-26 23:01:35,141 Composed([SQL('SELECT cred_id FROM credentials WHERE id='), Literal(14), SQL('  FOR UPDATE SKIP LOCKED;')])
2021-01-26 23:01:35,142 authenticating client with cred banderson@lopez.info:0Z6nQ4Lgc
2021-01-26 23:01:35,143 database initialized
2021-01-26 23:01:35,144 Composed([SQL('SELECT (passcode) FROM credentials WHERE cred_id='), Literal(630191876540), SQL('  FOR UPDATE SKIP LOCKED;')])
2021-01-26 23:01:35,144 username:banderson@lopez.info, passcode:0Z6nQ4Lgc
2021-01-26 23:01:35,144 database committed
2021-01-26 23:01:35,146 database initialized
2021-01-26 23:01:35,147 Composed([SQL('SELECT id FROM credentials WHERE cred_id='), Literal(630191876540), SQL('  FOR UPDATE SKIP LOCKED;')])
2021-01-26 23:01:35,147 client added
2021-01-26 23:01:35,147 Composed([SQL('INSERT INTO banking (client_id, balance,  bank_name, branch_number, account_number, name_reference) VALUES ('), Literal(14), SQL(', '), Literal(5473852.601048867), SQL(', '), Literal('Melanie'), SQL(', '), Literal(4), SQL(', '), Literal(1427459), SQL(', '), Literal('Small'), SQL(');')])
2021-01-26 23:01:35,147 SELECT currval(pg_get_serial_sequence('banking', 'id'));
2021-01-26 23:01:35,148 Composed([SQL('SELECT (b.balance) FROM banking as b JOIN  credentials AS c ON c.id=b.client_id WHERE c.cred_id='), Literal(630191876540), SQL(' FOR UPDATE SKIP LOCKED;')])
2021-01-26 23:01:35,148 database committed
2021-01-26 23:01:35,149 client initialized
2021-01-26 23:01:35,150 Looking for locale `en_US` in provider `faker.providers.address`.
2021-01-26 23:01:35,152 Provider `faker.providers.address` has been localized to `en_US`.
2021-01-26 23:01:35,152 Looking for locale `en_US` in provider `faker.providers.automotive`.
2021-01-26 23:01:35,153 Provider `faker.providers.automotive` has been localized to `en_US`.
2021-01-26 23:01:35,153 Looking for locale `en_US` in provider `faker.providers.bank`.
2021-01-26 23:01:35,154 Specified locale `en_US` is not available for provider `faker.providers.bank`. Locale reset to `en_GB` for this provider.
2021-01-26 23:01:35,154 Looking for locale `en_US` in provider `faker.providers.barcode`.
2021-01-26 23:01:35,154 Provider `faker.providers.barcode` has been localized to `en_US`.
2021-01-26 23:01:35,155 Looking for locale `en_US` in provider `faker.providers.color`.
2021-01-26 23:01:35,155 Provider `faker.providers.color` has been localized to `en_US`.
2021-01-26 23:01:35,155 Looking for locale `en_US` in provider `faker.providers.company`.
2021-01-26 23:01:35,157 Provider `faker.providers.company` has been localized to `en_US`.
2021-01-26 23:01:35,157 Looking for locale `en_US` in provider `faker.providers.credit_card`.
2021-01-26 23:01:35,159 Provider `faker.providers.credit_card` has been localized to `en_US`.
2021-01-26 23:01:35,159 Looking for locale `en_US` in provider `faker.providers.currency`.
2021-01-26 23:01:35,159 Provider `faker.providers.currency` has been localized to `en_US`.
2021-01-26 23:01:35,159 Looking for locale `en_US` in provider `faker.providers.date_time`.
2021-01-26 23:01:35,160 Provider `faker.providers.date_time` has been localized to `en_US`.
2021-01-26 23:01:35,160 Provider `faker.providers.file` does not feature localization. Specified locale `en_US` is not utilized for this provider.
2021-01-26 23:01:35,160 Looking for locale `en_US` in provider `faker.providers.geo`.
2021-01-26 23:01:35,160 Provider `faker.providers.geo` has been localized to `en_US`.
2021-01-26 23:01:35,161 Looking for locale `en_US` in provider `faker.providers.internet`.
2021-01-26 23:01:35,161 Provider `faker.providers.internet` has been localized to `en_US`.
2021-01-26 23:01:35,162 Provider `faker.providers.isbn` does not feature localization. Specified locale `en_US` is not utilized for this provider.
2021-01-26 23:01:35,162 Looking for locale `en_US` in provider `faker.providers.job`.
2021-01-26 23:01:35,163 Provider `faker.providers.job` has been localized to `en_US`.
2021-01-26 23:01:35,163 Looking for locale `en_US` in provider `faker.providers.lorem`.
2021-01-26 23:01:35,165 Provider `faker.providers.lorem` has been localized to `en_US`.
2021-01-26 23:01:35,166 Looking for locale `en_US` in provider `faker.providers.misc`.
2021-01-26 23:01:35,166 Provider `faker.providers.misc` has been localized to `en_US`.
2021-01-26 23:01:35,167 Looking for locale `en_US` in provider `faker.providers.person`.
2021-01-26 23:01:35,168 Provider `faker.providers.person` has been localized to `en_US`.
2021-01-26 23:01:35,169 Looking for locale `en_US` in provider `faker.providers.phone_number`.
2021-01-26 23:01:35,171 Provider `faker.providers.phone_number` has been localized to `en_US`.
2021-01-26 23:01:35,173 Provider `faker.providers.profile` does not feature localization. Specified locale `en_US` is not utilized for this provider.
2021-01-26 23:01:35,174 Provider `faker.providers.python` does not feature localization. Specified locale `en_US` is not utilized for this provider.
2021-01-26 23:01:35,174 Looking for locale `en_US` in provider `faker.providers.ssn`.
2021-01-26 23:01:35,177 Provider `faker.providers.ssn` has been localized to `en_US`.
2021-01-26 23:01:35,177 Provider `faker.providers.user_agent` does not feature localization. Specified locale `en_US` is not utilized for this provider.
2021-01-26 23:01:35,182 registering trader for client: Michael Barker
2021-01-26 23:01:35,185 database initialized
2021-01-26 23:01:35,186 client added
2021-01-26 23:01:35,187 Composed([SQL('INSERT INTO credentials (id, passcode, cred_id) VALUES ('), Literal(15), SQL(', '), Literal('T5resGakk'), SQL(', '), Literal(776229310590), SQL(');')])
2021-01-26 23:01:35,187 database committed
2021-01-26 23:01:35,188 user registered with credentials username: Michael Barker, email: oalvarado@yahoo.com, passcode: T5resGakk
2021-01-26 23:01:35,189 Composed([SQL('SELECT (client_id) FROM clients WHERE client_email='), Literal('oalvarado@yahoo.com'), SQL(' LIMIT 1 FOR UPDATE SKIP LOCKED;')])
2021-01-26 23:01:35,189 Composed([SQL('SELECT cred_id FROM credentials WHERE id='), Literal(15), SQL('  FOR UPDATE SKIP LOCKED;')])
2021-01-26 23:01:35,189 authenticating client with cred oalvarado@yahoo.com:T5resGakk
2021-01-26 23:01:35,191 database initialized
2021-01-26 23:01:35,191 Composed([SQL('SELECT (passcode) FROM credentials WHERE cred_id='), Literal(776229310590), SQL('  FOR UPDATE SKIP LOCKED;')])
2021-01-26 23:01:35,192 username:oalvarado@yahoo.com, passcode:T5resGakk
2021-01-26 23:01:35,192 database committed
2021-01-26 23:01:35,195 database initialized
2021-01-26 23:01:35,195 Composed([SQL('SELECT id FROM credentials WHERE cred_id='), Literal(776229310590), SQL('  FOR UPDATE SKIP LOCKED;')])
2021-01-26 23:01:35,195 client added
2021-01-26 23:01:35,196 Composed([SQL('INSERT INTO banking (client_id, balance,  bank_name, branch_number, account_number, name_reference) VALUES ('), Literal(15), SQL(', '), Literal(7828616.651095286), SQL(', '), Literal('Kimberly'), SQL(', '), Literal(15), SQL(', '), Literal(635994), SQL(', '), Literal('Mullen'), SQL(');')])
2021-01-26 23:01:35,196 SELECT currval(pg_get_serial_sequence('banking', 'id'));
2021-01-26 23:01:35,196 Composed([SQL('SELECT (b.balance) FROM banking as b JOIN  credentials AS c ON c.id=b.client_id WHERE c.cred_id='), Literal(776229310590), SQL(' FOR UPDATE SKIP LOCKED;')])
2021-01-26 23:01:35,197 database committed
2021-01-26 23:01:35,198 client initialized
2021-01-26 23:01:35,201 Composed([SQL('SELECT (client_id) FROM clients WHERE client_email='), Literal('banderson@lopez.info'), SQL(' LIMIT 1 FOR UPDATE SKIP LOCKED;')])
2021-01-26 23:01:35,202 Composed([SQL('SELECT cred_id FROM credentials WHERE id='), Literal(14), SQL('  FOR UPDATE SKIP LOCKED;')])
2021-01-26 23:01:35,203 authenticating client with cred banderson@lopez.info:0Z6nQ4Lgc
2021-01-26 23:01:35,207 database initialized
2021-01-26 23:01:35,208 Composed([SQL('SELECT (passcode) FROM credentials WHERE cred_id='), Literal(630191876540), SQL('  FOR UPDATE SKIP LOCKED;')])
2021-01-26 23:01:35,209 username:banderson@lopez.info, passcode:0Z6nQ4Lgc
2021-01-26 23:01:35,209 database committed
2021-01-26 23:01:35,209 requesting contact
2021-01-26 23:01:35,211 database initialized
2021-01-26 23:01:35,211 Composed([SQL('SELECT (client_id) FROM clients WHERE client_email='), Literal('oalvarado@yahoo.com'), SQL(' LIMIT 1 FOR UPDATE SKIP LOCKED;')])
2021-01-26 23:01:35,212 Composed([SQL('SELECT cred_id FROM credentials WHERE id='), Literal(15), SQL('  FOR UPDATE SKIP LOCKED;')])
2021-01-26 23:01:35,212 Composed([SQL('SELECT * FROM clients WHERE client_id='), Literal(15), SQL(' LIMIT 1 FOR UPDATE SKIP LOCKED;')])
2021-01-26 23:01:35,212 database committed
2021-01-26 23:01:35,213 client initialized
2021-01-26 23:01:35,213 Looking for locale `en_US` in provider `faker.providers.address`.
2021-01-26 23:01:35,215 Provider `faker.providers.address` has been localized to `en_US`.
2021-01-26 23:01:35,215 Looking for locale `en_US` in provider `faker.providers.automotive`.
2021-01-26 23:01:35,216 Provider `faker.providers.automotive` has been localized to `en_US`.
2021-01-26 23:01:35,216 Looking for locale `en_US` in provider `faker.providers.bank`.
2021-01-26 23:01:35,216 Specified locale `en_US` is not available for provider `faker.providers.bank`. Locale reset to `en_GB` for this provider.
2021-01-26 23:01:35,216 Looking for locale `en_US` in provider `faker.providers.barcode`.
2021-01-26 23:01:35,217 Provider `faker.providers.barcode` has been localized to `en_US`.
2021-01-26 23:01:35,217 Looking for locale `en_US` in provider `faker.providers.color`.
2021-01-26 23:01:35,217 Provider `faker.providers.color` has been localized to `en_US`.
2021-01-26 23:01:35,217 Looking for locale `en_US` in provider `faker.providers.company`.
2021-01-26 23:01:35,218 Provider `faker.providers.company` has been localized to `en_US`.
2021-01-26 23:01:35,218 Looking for locale `en_US` in provider `faker.providers.credit_card`.
2021-01-26 23:01:35,218 Provider `faker.providers.credit_card` has been localized to `en_US`.
2021-01-26 23:01:35,218 Looking for locale `en_US` in provider `faker.providers.currency`.
2021-01-26 23:01:35,219 Provider `faker.providers.currency` has been localized to `en_US`.
2021-01-26 23:01:35,219 Looking for locale `en_US` in provider `faker.providers.date_time`.
2021-01-26 23:01:35,219 Provider `faker.providers.date_time` has been localized to `en_US`.
2021-01-26 23:01:35,219 Provider `faker.providers.file` does not feature localization. Specified locale `en_US` is not utilized for this provider.
2021-01-26 23:01:35,220 Looking for locale `en_US` in provider `faker.providers.geo`.
2021-01-26 23:01:35,220 Provider `faker.providers.geo` has been localized to `en_US`.
2021-01-26 23:01:35,220 Looking for locale `en_US` in provider `faker.providers.internet`.
2021-01-26 23:01:35,221 Provider `faker.providers.internet` has been localized to `en_US`.
2021-01-26 23:01:35,221 Provider `faker.providers.isbn` does not feature localization. Specified locale `en_US` is not utilized for this provider.
2021-01-26 23:01:35,221 Looking for locale `en_US` in provider `faker.providers.job`.
2021-01-26 23:01:35,221 Provider `faker.providers.job` has been localized to `en_US`.
2021-01-26 23:01:35,222 Looking for locale `en_US` in provider `faker.providers.lorem`.
2021-01-26 23:01:35,222 Provider `faker.providers.lorem` has been localized to `en_US`.
2021-01-26 23:01:35,222 Looking for locale `en_US` in provider `faker.providers.misc`.
2021-01-26 23:01:35,222 Provider `faker.providers.misc` has been localized to `en_US`.
2021-01-26 23:01:35,222 Looking for locale `en_US` in provider `faker.providers.person`.
2021-01-26 23:01:35,223 Provider `faker.providers.person` has been localized to `en_US`.
2021-01-26 23:01:35,224 Looking for locale `en_US` in provider `faker.providers.phone_number`.
2021-01-26 23:01:35,225 Provider `faker.providers.phone_number` has been localized to `en_US`.
2021-01-26 23:01:35,225 Provider `faker.providers.profile` does not feature localization. Specified locale `en_US` is not utilized for this provider.
2021-01-26 23:01:35,225 Provider `faker.providers.python` does not feature localization. Specified locale `en_US` is not utilized for this provider.
2021-01-26 23:01:35,225 Looking for locale `en_US` in provider `faker.providers.ssn`.
2021-01-26 23:01:35,227 Provider `faker.providers.ssn` has been localized to `en_US`.
2021-01-26 23:01:35,227 Provider `faker.providers.user_agent` does not feature localization. Specified locale `en_US` is not utilized for this provider.
2021-01-26 23:01:35,231 registering trader for client: Andre Mills
2021-01-26 23:01:35,234 database initialized
2021-01-26 23:01:35,237 client added
2021-01-26 23:01:35,238 Composed([SQL('INSERT INTO credentials (id, passcode, cred_id) VALUES ('), Literal(16), SQL(', '), Literal('K0CYh1GoX'), SQL(', '), Literal(725624793031), SQL(');')])
2021-01-26 23:01:35,239 database committed
2021-01-26 23:01:35,241 user registered with credentials username: Andre Mills, email: amanda04@rivera.org, passcode: K0CYh1GoX
2021-01-26 23:01:35,242 Composed([SQL('SELECT (client_id) FROM clients WHERE client_email='), Literal('amanda04@rivera.org'), SQL(' LIMIT 1 FOR UPDATE SKIP LOCKED;')])
2021-01-26 23:01:35,243 Composed([SQL('SELECT cred_id FROM credentials WHERE id='), Literal(16), SQL('  FOR UPDATE SKIP LOCKED;')])
2021-01-26 23:01:35,243 authenticating client with cred amanda04@rivera.org:K0CYh1GoX
2021-01-26 23:01:35,245 database initialized
2021-01-26 23:01:35,245 Composed([SQL('SELECT (passcode) FROM credentials WHERE cred_id='), Literal(725624793031), SQL('  FOR UPDATE SKIP LOCKED;')])
2021-01-26 23:01:35,245 username:amanda04@rivera.org, passcode:K0CYh1GoX
2021-01-26 23:01:35,245 database committed
2021-01-26 23:01:35,247 database initialized
2021-01-26 23:01:35,248 Composed([SQL('SELECT id FROM credentials WHERE cred_id='), Literal(725624793031), SQL('  FOR UPDATE SKIP LOCKED;')])
2021-01-26 23:01:35,248 client added
2021-01-26 23:01:35,248 Composed([SQL('INSERT INTO banking (client_id, balance,  bank_name, branch_number, account_number, name_reference) VALUES ('), Literal(16), SQL(', '), Literal(4373005.497152945), SQL(', '), Literal('Maria'), SQL(', '), Literal(17), SQL(', '), Literal(155812), SQL(', '), Literal('Barrett'), SQL(');')])
2021-01-26 23:01:35,248 SELECT currval(pg_get_serial_sequence('banking', 'id'));
2021-01-26 23:01:35,249 Composed([SQL('SELECT (b.balance) FROM banking as b JOIN  credentials AS c ON c.id=b.client_id WHERE c.cred_id='), Literal(725624793031), SQL(' FOR UPDATE SKIP LOCKED;')])
2021-01-26 23:01:35,249 database committed
2021-01-26 23:01:35,250 client initialized
2021-01-26 23:01:35,250 verifying balance for Andre Mills/amanda04@rivera.org + K0CYh1GoX with balance 4373005.497152945
2021-01-26 23:01:35,251 Composed([SQL('SELECT (client_id) FROM clients WHERE client_email='), Literal('amanda04@rivera.org'), SQL(' LIMIT 1 FOR UPDATE SKIP LOCKED;')])
2021-01-26 23:01:35,252 Composed([SQL('SELECT cred_id FROM credentials WHERE id='), Literal(16), SQL('  FOR UPDATE SKIP LOCKED;')])
2021-01-26 23:01:35,252 authenticating client with cred amanda04@rivera.org:K0CYh1GoX
2021-01-26 23:01:35,254 database initialized
2021-01-26 23:01:35,254 Composed([SQL('SELECT (passcode) FROM credentials WHERE cred_id='), Literal(725624793031), SQL('  FOR UPDATE SKIP LOCKED;')])
2021-01-26 23:01:35,254 username:amanda04@rivera.org, passcode:K0CYh1GoX
2021-01-26 23:01:35,254 database committed
2021-01-26 23:01:35,254 balance requested
2021-01-26 23:01:35,256 database initialized
2021-01-26 23:01:35,257 Composed([SQL('SELECT (b.balance) FROM banking as b JOIN  credentials AS c ON c.id=b.client_id WHERE c.cred_id='), Literal(725624793031), SQL(' FOR UPDATE SKIP LOCKED;')])
2021-01-26 23:01:35,257 database committed
2021-01-26 23:01:35,258 client initialized
2021-01-26 23:01:35,258 Looking for locale `en_US` in provider `faker.providers.address`.
2021-01-26 23:01:35,260 Provider `faker.providers.address` has been localized to `en_US`.
2021-01-26 23:01:35,261 Looking for locale `en_US` in provider `faker.providers.automotive`.
2021-01-26 23:01:35,261 Provider `faker.providers.automotive` has been localized to `en_US`.
2021-01-26 23:01:35,261 Looking for locale `en_US` in provider `faker.providers.bank`.
2021-01-26 23:01:35,262 Specified locale `en_US` is not available for provider `faker.providers.bank`. Locale reset to `en_GB` for this provider.
2021-01-26 23:01:35,262 Looking for locale `en_US` in provider `faker.providers.barcode`.
2021-01-26 23:01:35,263 Provider `faker.providers.barcode` has been localized to `en_US`.
2021-01-26 23:01:35,263 Looking for locale `en_US` in provider `faker.providers.color`.
2021-01-26 23:01:35,263 Provider `faker.providers.color` has been localized to `en_US`.
2021-01-26 23:01:35,264 Looking for locale `en_US` in provider `faker.providers.company`.
2021-01-26 23:01:35,265 Provider `faker.providers.company` has been localized to `en_US`.
2021-01-26 23:01:35,265 Looking for locale `en_US` in provider `faker.providers.credit_card`.
2021-01-26 23:01:35,266 Provider `faker.providers.credit_card` has been localized to `en_US`.
2021-01-26 23:01:35,267 Looking for locale `en_US` in provider `faker.providers.currency`.
2021-01-26 23:01:35,268 Provider `faker.providers.currency` has been localized to `en_US`.
2021-01-26 23:01:35,269 Looking for locale `en_US` in provider `faker.providers.date_time`.
2021-01-26 23:01:35,270 Provider `faker.providers.date_time` has been localized to `en_US`.
2021-01-26 23:01:35,270 Provider `faker.providers.file` does not feature localization. Specified locale `en_US` is not utilized for this provider.
2021-01-26 23:01:35,271 Looking for locale `en_US` in provider `faker.providers.geo`.
2021-01-26 23:01:35,271 Provider `faker.providers.geo` has been localized to `en_US`.
2021-01-26 23:01:35,271 Looking for locale `en_US` in provider `faker.providers.internet`.
2021-01-26 23:01:35,273 Provider `faker.providers.internet` has been localized to `en_US`.
2021-01-26 23:01:35,273 Provider `faker.providers.isbn` does not feature localization. Specified locale `en_US` is not utilized for this provider.
2021-01-26 23:01:35,273 Looking for locale `en_US` in provider `faker.providers.job`.
2021-01-26 23:01:35,274 Provider `faker.providers.job` has been localized to `en_US`.
2021-01-26 23:01:35,274 Looking for locale `en_US` in provider `faker.providers.lorem`.
2021-01-26 23:01:35,274 Provider `faker.providers.lorem` has been localized to `en_US`.
2021-01-26 23:01:35,274 Looking for locale `en_US` in provider `faker.providers.misc`.
2021-01-26 23:01:35,274 Provider `faker.providers.misc` has been localized to `en_US`.
2021-01-26 23:01:35,275 Looking for locale `en_US` in provider `faker.providers.person`.
2021-01-26 23:01:35,276 Provider `faker.providers.person` has been localized to `en_US`.
2021-01-26 23:01:35,276 Looking for locale `en_US` in provider `faker.providers.phone_number`.
2021-01-26 23:01:35,277 Provider `faker.providers.phone_number` has been localized to `en_US`.
2021-01-26 23:01:35,277 Provider `faker.providers.profile` does not feature localization. Specified locale `en_US` is not utilized for this provider.
2021-01-26 23:01:35,277 Provider `faker.providers.python` does not feature localization. Specified locale `en_US` is not utilized for this provider.
2021-01-26 23:01:35,277 Looking for locale `en_US` in provider `faker.providers.ssn`.
2021-01-26 23:01:35,278 Provider `faker.providers.ssn` has been localized to `en_US`.
2021-01-26 23:01:35,278 Provider `faker.providers.user_agent` does not feature localization. Specified locale `en_US` is not utilized for this provider.
2021-01-26 23:01:35,282 registering trader for client: Mrs. Michele Holmes
2021-01-26 23:01:35,283 database initialized
2021-01-26 23:01:35,284 client added
2021-01-26 23:01:35,284 Composed([SQL('INSERT INTO credentials (id, passcode, cred_id) VALUES ('), Literal(17), SQL(', '), Literal('6OTtihq3z'), SQL(', '), Literal(2432559304736), SQL(');')])
2021-01-26 23:01:35,285 database committed
2021-01-26 23:01:35,286 user registered with credentials username: Mrs. Michele Holmes, email: wblair@gmail.com, passcode: 6OTtihq3z
2021-01-26 23:01:35,287 Composed([SQL('SELECT (client_id) FROM clients WHERE client_email='), Literal('wblair@gmail.com'), SQL(' LIMIT 1 FOR UPDATE SKIP LOCKED;')])
2021-01-26 23:01:35,287 Composed([SQL('SELECT cred_id FROM credentials WHERE id='), Literal(17), SQL('  FOR UPDATE SKIP LOCKED;')])
2021-01-26 23:01:35,287 authenticating client with cred wblair@gmail.com:6OTtihq3z
2021-01-26 23:01:35,289 database initialized
2021-01-26 23:01:35,289 Composed([SQL('SELECT (passcode) FROM credentials WHERE cred_id='), Literal(2432559304736), SQL('  FOR UPDATE SKIP LOCKED;')])
2021-01-26 23:01:35,289 username:wblair@gmail.com, passcode:6OTtihq3z
2021-01-26 23:01:35,289 database committed
2021-01-26 23:01:35,292 database initialized
2021-01-26 23:01:35,293 Composed([SQL('SELECT id FROM credentials WHERE cred_id='), Literal(2432559304736), SQL('  FOR UPDATE SKIP LOCKED;')])
2021-01-26 23:01:35,294 client added
2021-01-26 23:01:35,294 Composed([SQL('INSERT INTO banking (client_id, balance,  bank_name, branch_number, account_number, name_reference) VALUES ('), Literal(17), SQL(', '), Literal(7532607.389083782), SQL(', '), Literal('Theresa'), SQL(', '), Literal(9), SQL(', '), Literal(3188944), SQL(', '), Literal('Beck'), SQL(');')])
2021-01-26 23:01:35,297 SELECT currval(pg_get_serial_sequence('banking', 'id'));
2021-01-26 23:01:35,298 Composed([SQL('SELECT (b.balance) FROM banking as b JOIN  credentials AS c ON c.id=b.client_id WHERE c.cred_id='), Literal(2432559304736), SQL(' FOR UPDATE SKIP LOCKED;')])
2021-01-26 23:01:35,299 database committed
2021-01-26 23:01:35,301 client initialized
2021-01-26 23:01:35,302 Looking for locale `en_US` in provider `faker.providers.address`.
2021-01-26 23:01:35,304 Provider `faker.providers.address` has been localized to `en_US`.
2021-01-26 23:01:35,304 Looking for locale `en_US` in provider `faker.providers.automotive`.
2021-01-26 23:01:35,305 Provider `faker.providers.automotive` has been localized to `en_US`.
2021-01-26 23:01:35,305 Looking for locale `en_US` in provider `faker.providers.bank`.
2021-01-26 23:01:35,306 Specified locale `en_US` is not available for provider `faker.providers.bank`. Locale reset to `en_GB` for this provider.
2021-01-26 23:01:35,306 Looking for locale `en_US` in provider `faker.providers.barcode`.
2021-01-26 23:01:35,306 Provider `faker.providers.barcode` has been localized to `en_US`.
2021-01-26 23:01:35,306 Looking for locale `en_US` in provider `faker.providers.color`.
2021-01-26 23:01:35,306 Provider `faker.providers.color` has been localized to `en_US`.
2021-01-26 23:01:35,307 Looking for locale `en_US` in provider `faker.providers.company`.
2021-01-26 23:01:35,307 Provider `faker.providers.company` has been localized to `en_US`.
2021-01-26 23:01:35,307 Looking for locale `en_US` in provider `faker.providers.credit_card`.
2021-01-26 23:01:35,308 Provider `faker.providers.credit_card` has been localized to `en_US`.
2021-01-26 23:01:35,308 Looking for locale `en_US` in provider `faker.providers.currency`.
2021-01-26 23:01:35,308 Provider `faker.providers.currency` has been localized to `en_US`.
2021-01-26 23:01:35,308 Looking for locale `en_US` in provider `faker.providers.date_time`.
2021-01-26 23:01:35,309 Provider `faker.providers.date_time` has been localized to `en_US`.
2021-01-26 23:01:35,309 Provider `faker.providers.file` does not feature localization. Specified locale `en_US` is not utilized for this provider.
2021-01-26 23:01:35,309 Looking for locale `en_US` in provider `faker.providers.geo`.
2021-01-26 23:01:35,309 Provider `faker.providers.geo` has been localized to `en_US`.
2021-01-26 23:01:35,309 Looking for locale `en_US` in provider `faker.providers.internet`.
2021-01-26 23:01:35,310 Provider `faker.providers.internet` has been localized to `en_US`.
2021-01-26 23:01:35,310 Provider `faker.providers.isbn` does not feature localization. Specified locale `en_US` is not utilized for this provider.
2021-01-26 23:01:35,310 Looking for locale `en_US` in provider `faker.providers.job`.
2021-01-26 23:01:35,311 Provider `faker.providers.job` has been localized to `en_US`.
2021-01-26 23:01:35,311 Looking for locale `en_US` in provider `faker.providers.lorem`.
2021-01-26 23:01:35,311 Provider `faker.providers.lorem` has been localized to `en_US`.
2021-01-26 23:01:35,312 Looking for locale `en_US` in provider `faker.providers.misc`.
2021-01-26 23:01:35,312 Provider `faker.providers.misc` has been localized to `en_US`.
2021-01-26 23:01:35,312 Looking for locale `en_US` in provider `faker.providers.person`.
2021-01-26 23:01:35,313 Provider `faker.providers.person` has been localized to `en_US`.
2021-01-26 23:01:35,313 Looking for locale `en_US` in provider `faker.providers.phone_number`.
2021-01-26 23:01:35,314 Provider `faker.providers.phone_number` has been localized to `en_US`.
2021-01-26 23:01:35,314 Provider `faker.providers.profile` does not feature localization. Specified locale `en_US` is not utilized for this provider.
2021-01-26 23:01:35,314 Provider `faker.providers.python` does not feature localization. Specified locale `en_US` is not utilized for this provider.
2021-01-26 23:01:35,314 Looking for locale `en_US` in provider `faker.providers.ssn`.
2021-01-26 23:01:35,315 Provider `faker.providers.ssn` has been localized to `en_US`.
2021-01-26 23:01:35,315 Provider `faker.providers.user_agent` does not feature localization. Specified locale `en_US` is not utilized for this provider.
2021-01-26 23:01:35,319 registering trader for client: Jesse Bennett
2021-01-26 23:01:35,321 database initialized
2021-01-26 23:01:35,322 client added
2021-01-26 23:01:35,322 Composed([SQL('INSERT INTO credentials (id, passcode, cred_id) VALUES ('), Literal(18), SQL(', '), Literal('NCcDYVuzC'), SQL(', '), Literal(139330719839), SQL(');')])
2021-01-26 23:01:35,322 database committed
2021-01-26 23:01:35,323 user registered with credentials username: Jesse Bennett, email: cisnerosbobby@allen-moran.biz, passcode: NCcDYVuzC
2021-01-26 23:01:35,326 Composed([SQL('SELECT (client_id) FROM clients WHERE client_email='), Literal('cisnerosbobby@allen-moran.biz'), SQL(' LIMIT 1 FOR UPDATE SKIP LOCKED;')])
2021-01-26 23:01:35,327 Composed([SQL('SELECT cred_id FROM credentials WHERE id='), Literal(18), SQL('  FOR UPDATE SKIP LOCKED;')])
2021-01-26 23:01:35,327 authenticating client with cred cisnerosbobby@allen-moran.biz:NCcDYVuzC
2021-01-26 23:01:35,332 database initialized
2021-01-26 23:01:35,332 Composed([SQL('SELECT (passcode) FROM credentials WHERE cred_id='), Literal(139330719839), SQL('  FOR UPDATE SKIP LOCKED;')])
2021-01-26 23:01:35,333 username:cisnerosbobby@allen-moran.biz, passcode:NCcDYVuzC
2021-01-26 23:01:35,333 database committed
2021-01-26 23:01:35,337 database initialized
2021-01-26 23:01:35,337 Composed([SQL('SELECT id FROM credentials WHERE cred_id='), Literal(139330719839), SQL('  FOR UPDATE SKIP LOCKED;')])
2021-01-26 23:01:35,338 client added
2021-01-26 23:01:35,338 Composed([SQL('INSERT INTO banking (client_id, balance,  bank_name, branch_number, account_number, name_reference) VALUES ('), Literal(18), SQL(', '), Literal(4954268.577627946), SQL(', '), Literal('David'), SQL(', '), Literal(18), SQL(', '), Literal(3175864), SQL(', '), Literal('Medina'), SQL(');')])
2021-01-26 23:01:35,339 SELECT currval(pg_get_serial_sequence('banking', 'id'));
2021-01-26 23:01:35,339 Composed([SQL('SELECT (b.balance) FROM banking as b JOIN  credentials AS c ON c.id=b.client_id WHERE c.cred_id='), Literal(139330719839), SQL(' FOR UPDATE SKIP LOCKED;')])
2021-01-26 23:01:35,339 database committed
2021-01-26 23:01:35,340 client initialized
2021-01-26 23:01:35,342 Composed([SQL('SELECT (client_id) FROM clients WHERE client_email='), Literal('wblair@gmail.com'), SQL(' LIMIT 1 FOR UPDATE SKIP LOCKED;')])
2021-01-26 23:01:35,342 Composed([SQL('SELECT cred_id FROM credentials WHERE id='), Literal(17), SQL('  FOR UPDATE SKIP LOCKED;')])
2021-01-26 23:01:35,342 authenticating client with cred wblair@gmail.com:6OTtihq3z
2021-01-26 23:01:35,344 database initialized
2021-01-26 23:01:35,345 Composed([SQL('SELECT (passcode) FROM credentials WHERE cred_id='), Literal(2432559304736), SQL('  FOR UPDATE SKIP LOCKED;')])
2021-01-26 23:01:35,345 username:wblair@gmail.com, passcode:6OTtihq3z
2021-01-26 23:01:35,345 database committed
2021-01-26 23:01:35,345 requesting contact
2021-01-26 23:01:35,347 database initialized
2021-01-26 23:01:35,348 Composed([SQL('SELECT (client_id) FROM clients WHERE client_email='), Literal('cisnerosbobby@allen-moran.biz'), SQL(' LIMIT 1 FOR UPDATE SKIP LOCKED;')])
2021-01-26 23:01:35,349 Composed([SQL('SELECT cred_id FROM credentials WHERE id='), Literal(18), SQL('  FOR UPDATE SKIP LOCKED;')])
2021-01-26 23:01:35,349 Composed([SQL('SELECT * FROM clients WHERE client_id='), Literal(18), SQL(' LIMIT 1 FOR UPDATE SKIP LOCKED;')])
2021-01-26 23:01:35,349 database committed
2021-01-26 23:01:35,352 Composed([SQL('SELECT (client_id) FROM clients WHERE client_email='), Literal('wblair@gmail.com'), SQL(' LIMIT 1 FOR UPDATE SKIP LOCKED;')])
2021-01-26 23:01:35,353 Composed([SQL('SELECT cred_id FROM credentials WHERE id='), Literal(17), SQL('  FOR UPDATE SKIP LOCKED;')])
2021-01-26 23:01:35,353 authenticating client with cred wblair@gmail.com:6OTtihq3z
2021-01-26 23:01:35,355 database initialized
2021-01-26 23:01:35,355 Composed([SQL('SELECT (passcode) FROM credentials WHERE cred_id='), Literal(2432559304736), SQL('  FOR UPDATE SKIP LOCKED;')])
2021-01-26 23:01:35,356 username:wblair@gmail.com, passcode:6OTtihq3z
2021-01-26 23:01:35,356 database committed
2021-01-26 23:01:35,357 Composed([SQL('SELECT (b.balance) FROM banking as b JOIN  credentials AS c ON c.id=b.client_id WHERE c.cred_id='), Literal(2432559304736), SQL(' FOR UPDATE SKIP LOCKED;')])
2021-01-26 23:01:35,358 making purchase
2021-01-26 23:01:35,363 database initialized
2021-01-26 23:01:35,365 Composed([SQL('SELECT SUM(trx_cost) FROM ledger WHERE (trx_dt>='), Literal(datetime.datetime(2021, 1, 19, 23, 1, 35, 358436)), SQL(' AND trx_dt<'), Literal('2021-01-26 23:01:35.365375'), SQL(' AND trx_dest='), Literal(2432559304736), SQL(') OR (trx_dt>='), Literal(datetime.datetime(2021, 1, 19, 23, 1, 35, 358436)), SQL(' AND trx_dt<'), Literal('2021-01-26 23:01:35.365375'), SQL(' AND trx_src='), Literal(2432559304736), SQL(');')])
2021-01-26 23:01:35,366 Composed([SQL('SELECT SUM(trx_cost) FROM ledger WHERE (trx_dt>='), Literal(datetime.datetime(2021, 1, 25, 23, 1, 35, 358479)), SQL(' AND trx_dt<'), Literal('2021-01-26 23:01:35.366713'), SQL(' AND trx_dest='), Literal(2432559304736), SQL(') OR (trx_dt>='), Literal(datetime.datetime(2021, 1, 25, 23, 1, 35, 358479)), SQL(' AND trx_dt<'), Literal('2021-01-26 23:01:35.366713'), SQL(' AND trx_src='), Literal(2432559304736), SQL(');')])
2021-01-26 23:01:35,367 Composed([SQL('INSERT INTO ledger (trx_dest, trx_src, trx_cost) VALUES ('), Literal(139330719839), SQL(', '), Literal(2432559304736), SQL(', '), Literal(3124.1925258758943), SQL(');')])
2021-01-26 23:01:35,368 Composed([SQL('SELECT (b.balance) FROM banking as b JOIN  credentials AS c ON c.id=b.client_id WHERE c.cred_id='), Literal(2432559304736), SQL(' FOR UPDATE SKIP LOCKED;')])
2021-01-26 23:01:35,369 Composed([SQL('SELECT (b.balance) FROM banking as b JOIN  credentials AS c ON c.id=b.client_id WHERE c.cred_id='), Literal(139330719839), SQL(' FOR UPDATE SKIP LOCKED;')])
2021-01-26 23:01:35,369 Composed([SQL('SELECT id FROM credentials WHERE cred_id='), Literal(2432559304736), SQL('  FOR UPDATE SKIP LOCKED;')])
2021-01-26 23:01:35,369 Composed([SQL('SELECT id FROM credentials WHERE cred_id='), Literal(139330719839), SQL('  FOR UPDATE SKIP LOCKED;')])
2021-01-26 23:01:35,370 database committed
2021-01-26 23:01:35,371 client initialized
2021-01-26 23:01:35,373 registering trader for client: Gregory Rodriguez
2021-01-26 23:01:35,375 database initialized
2021-01-26 23:01:35,376 client added
2021-01-26 23:01:35,376 Composed([SQL('INSERT INTO credentials (id, passcode, cred_id) VALUES ('), Literal(19), SQL(', '), Literal('SaFLQUQem'), SQL(', '), Literal(698962027822), SQL(');')])
2021-01-26 23:01:35,377 database committed
2021-01-26 23:01:35,377 user registered with credentials username: Gregory Rodriguez, email: johnsonbrian@maddox-king.com, passcode: SaFLQUQem
2021-01-26 23:01:35,378 client initialized
